Started GET "/" for ::1 at 2021-01-07 07:48:52 +0900
  
ActiveRecord::NoDatabaseError (Unknown database 'chat_vue_app_development'):
  
activerecord (6.0.3.4) lib/active_record/connection_adapters/mysql2_adapter.rb:28:in `rescue in mysql2_connection'
activerecord (6.0.3.4) lib/active_record/connection_adapters/mysql2_adapter.rb:14:in `mysql2_connection'
activerecord (6.0.3.4) lib/active_record/connection_adapters/abstract/connection_pool.rb:887:in `new_connection'
activerecord (6.0.3.4) lib/active_record/connection_adapters/abstract/connection_pool.rb:931:in `checkout_new_connection'
activerecord (6.0.3.4) lib/active_record/connection_adapters/abstract/connection_pool.rb:910:in `try_to_checkout_new_connection'
activerecord (6.0.3.4) lib/active_record/connection_adapters/abstract/connection_pool.rb:871:in `acquire_connection'
activerecord (6.0.3.4) lib/active_record/connection_adapters/abstract/connection_pool.rb:593:in `checkout'
activerecord (6.0.3.4) lib/active_record/connection_adapters/abstract/connection_pool.rb:437:in `connection'
activerecord (6.0.3.4) lib/active_record/connection_adapters/abstract/connection_pool.rb:1119:in `retrieve_connection'
activerecord (6.0.3.4) lib/active_record/connection_handling.rb:221:in `retrieve_connection'
activerecord (6.0.3.4) lib/active_record/connection_handling.rb:189:in `connection'
activerecord (6.0.3.4) lib/active_record/migration.rb:562:in `call'
actionpack (6.0.3.4) lib/action_dispatch/middleware/callbacks.rb:27:in `block in call'
activesupport (6.0.3.4) lib/active_support/callbacks.rb:101:in `run_callbacks'
actionpack (6.0.3.4) lib/action_dispatch/middleware/callbacks.rb:26:in `call'
actionpack (6.0.3.4) lib/action_dispatch/middleware/executor.rb:14:in `call'
actionpack (6.0.3.4) lib/action_dispatch/middleware/actionable_exceptions.rb:18:in `call'
actionpack (6.0.3.4) lib/action_dispatch/middleware/debug_exceptions.rb:32:in `call'
web-console (4.1.0) lib/web_console/middleware.rb:132:in `call_app'
web-console (4.1.0) lib/web_console/middleware.rb:28:in `block in call'
web-console (4.1.0) lib/web_console/middleware.rb:17:in `catch'
web-console (4.1.0) lib/web_console/middleware.rb:17:in `call'
actionpack (6.0.3.4) lib/action_dispatch/middleware/show_exceptions.rb:33:in `call'
railties (6.0.3.4) lib/rails/rack/logger.rb:37:in `call_app'
railties (6.0.3.4) lib/rails/rack/logger.rb:26:in `block in call'
activesupport (6.0.3.4) lib/active_support/tagged_logging.rb:80:in `block in tagged'
activesupport (6.0.3.4) lib/active_support/tagged_logging.rb:28:in `tagged'
activesupport (6.0.3.4) lib/active_support/tagged_logging.rb:80:in `tagged'
railties (6.0.3.4) lib/rails/rack/logger.rb:26:in `call'
sprockets-rails (3.2.2) lib/sprockets/rails/quiet_assets.rb:13:in `call'
actionpack (6.0.3.4) lib/action_dispatch/middleware/remote_ip.rb:81:in `call'
actionpack (6.0.3.4) lib/action_dispatch/middleware/request_id.rb:27:in `call'
rack (2.2.3) lib/rack/method_override.rb:24:in `call'
rack (2.2.3) lib/rack/runtime.rb:22:in `call'
activesupport (6.0.3.4) lib/active_support/cache/strategy/local_cache_middleware.rb:29:in `call'
actionpack (6.0.3.4) lib/action_dispatch/middleware/executor.rb:14:in `call'
actionpack (6.0.3.4) lib/action_dispatch/middleware/static.rb:126:in `call'
rack (2.2.3) lib/rack/sendfile.rb:110:in `call'
actionpack (6.0.3.4) lib/action_dispatch/middleware/host_authorization.rb:82:in `call'
webpacker (4.3.0) lib/webpacker/dev_server_proxy.rb:23:in `perform_request'
rack-proxy (0.6.5) lib/rack/proxy.rb:57:in `call'
railties (6.0.3.4) lib/rails/engine.rb:527:in `call'
puma (3.12.6) lib/puma/configuration.rb:227:in `call'
puma (3.12.6) lib/puma/server.rb:706:in `handle_request'
puma (3.12.6) lib/puma/server.rb:476:in `process_client'
puma (3.12.6) lib/puma/server.rb:334:in `block in run'
puma (3.12.6) lib/puma/thread_pool.rb:135:in `block in spawn_thread'
  [1m[35m (2.4ms)[0m  [1m[35mSET NAMES utf8mb4,  @@SESSION.sql_mode = CONCAT(CONCAT(@@sql_mode, ',STRICT_ALL_TABLES'), ',NO_AUTO_VALUE_ON_ZERO'),  @@SESSION.sql_auto_is_null = 0, @@SESSION.wait_timeout = 2147483[0m
  [1m[35m (3.6ms)[0m  [1m[35mCREATE DATABASE `chat_vue_app_development` DEFAULT CHARACTER SET `utf8mb4`[0m
  [1m[35m (0.4ms)[0m  [1m[35mSET NAMES utf8mb4,  @@SESSION.sql_mode = CONCAT(CONCAT(@@sql_mode, ',STRICT_ALL_TABLES'), ',NO_AUTO_VALUE_ON_ZERO'),  @@SESSION.sql_auto_is_null = 0, @@SESSION.wait_timeout = 2147483[0m
  [1m[35m (6.8ms)[0m  [1m[35mCREATE DATABASE `chat_vue_app_test` DEFAULT CHARACTER SET `utf8mb4`[0m
Started GET "/" for ::1 at 2021-01-07 07:51:24 +0900
  [1m[35m (6.2ms)[0m  [1m[35mSET NAMES utf8mb4,  @@SESSION.sql_mode = CONCAT(CONCAT(@@sql_mode, ',STRICT_ALL_TABLES'), ',NO_AUTO_VALUE_ON_ZERO'),  @@SESSION.sql_auto_is_null = 0, @@SESSION.wait_timeout = 2147483[0m
Processing by HomesController#index as HTML
  Rendering homes/index.html.erb within layouts/application
  Rendered homes/index.html.erb within layouts/application (Duration: 404.9ms | Allocations: 73878)
Completed 500 Internal Server Error in 439ms (ActiveRecord: 0.0ms | Allocations: 75723)


  
ActionView::Template::Error (undefined method `javvascript_include_tag' for #<#<Class:0x00007fa04e9e31d0>:0x00007fa04e9e18d0>
Did you mean?  javascript_include_tag):
    1: <h1>Homes#index</h1>
    2: <p>Find me in app/views/homes/index.html.erb</p>
    3: <%= javvascript_include_tag 'main' %>
  
app/views/homes/index.html.erb:3
Started GET "/" for ::1 at 2021-01-07 07:51:38 +0900
Processing by HomesController#index as HTML
  Rendering homes/index.html.erb within layouts/application
  Rendered homes/index.html.erb within layouts/application (Duration: 292.1ms | Allocations: 287857)
Completed 500 Internal Server Error in 304ms (ActiveRecord: 0.0ms | Allocations: 288958)


  
ActionView::Template::Error (The asset "main.js" is not present in the asset pipeline.
):
    1: <h1>Homes#index</h1>
    2: <p>Find me in app/views/homes/index.html.erb</p>
    3: <%= javascript_include_tag 'main' %>
  
app/views/homes/index.html.erb:3
Started GET "/" for ::1 at 2021-01-07 07:52:23 +0900
Processing by HomesController#index as HTML
  Rendering homes/index.html.erb within layouts/application
  Rendered homes/index.html.erb within layouts/application (Duration: 14.3ms | Allocations: 5889)
Completed 500 Internal Server Error in 22ms (ActiveRecord: 0.0ms | Allocations: 6974)


  
ActionView::Template::Error (The asset "build.js" is not present in the asset pipeline.
):
    1: <h1>Homes#index</h1>
    2: <p>Find me in app/views/homes/index.html.erb</p>
    3: <%= javascript_include_tag 'build' %>
  
app/views/homes/index.html.erb:3
Started GET "/" for ::1 at 2021-01-07 08:12:42 +0900
  [1m[35m (1.0ms)[0m  [1m[35mSET NAMES utf8mb4,  @@SESSION.sql_mode = CONCAT(CONCAT(@@sql_mode, ',STRICT_ALL_TABLES'), ',NO_AUTO_VALUE_ON_ZERO'),  @@SESSION.sql_auto_is_null = 0, @@SESSION.wait_timeout = 2147483[0m
Processing by HomesController#index as HTML
  Rendering homes/index.html.erb within layouts/application
  Rendered homes/index.html.erb within layouts/application (Duration: 295.9ms | Allocations: 288276)
Completed 500 Internal Server Error in 346ms (ActiveRecord: 0.0ms | Allocations: 290119)


  
ActionView::Template::Error (The asset "build.js" is not present in the asset pipeline.
):
    1: <h1>Homes#index</h1>
    2: <p>Find me in app/views/homes/index.html.erb</p>
    3: <%= javascript_include_tag 'build' %>
  
app/views/homes/index.html.erb:3
Started GET "/" for ::1 at 2021-01-07 08:15:23 +0900
Processing by HomesController#index as HTML
  Rendering homes/index.html.erb within layouts/application
  Rendered homes/index.html.erb within layouts/application (Duration: 21.4ms | Allocations: 5890)
Completed 500 Internal Server Error in 32ms (ActiveRecord: 0.0ms | Allocations: 6988)


  
ActionView::Template::Error (The asset "main.js" is not present in the asset pipeline.
):
    1: <h1>Homes#index</h1>
    2: <p>Find me in app/views/homes/index.html.erb</p>
    3: <%= javascript_include_tag 'main' %>
  
app/views/homes/index.html.erb:3
Started GET "/" for ::1 at 2021-01-07 08:16:16 +0900
  [1m[35m (0.6ms)[0m  [1m[35mSET NAMES utf8mb4,  @@SESSION.sql_mode = CONCAT(CONCAT(@@sql_mode, ',STRICT_ALL_TABLES'), ',NO_AUTO_VALUE_ON_ZERO'),  @@SESSION.sql_auto_is_null = 0, @@SESSION.wait_timeout = 2147483[0m
Processing by HomesController#index as HTML
  Rendering homes/index.html.erb within layouts/application
  Rendered homes/index.html.erb within layouts/application (Duration: 327.9ms | Allocations: 288374)
Completed 500 Internal Server Error in 352ms (ActiveRecord: 0.0ms | Allocations: 290218)


  
ActionView::Template::Error (The asset "main.js" is not present in the asset pipeline.
):
    1: <h1>Homes#index</h1>
    2: <p>Find me in app/views/homes/index.html.erb</p>
    3: <%= javascript_include_tag 'main' %>
  
app/views/homes/index.html.erb:3
Started GET "/" for ::1 at 2021-01-07 08:16:49 +0900
Processing by HomesController#index as HTML
  Rendering homes/index.html.erb within layouts/application
  Rendered homes/index.html.erb within layouts/application (Duration: 21.9ms | Allocations: 5986)
Completed 500 Internal Server Error in 33ms (ActiveRecord: 0.0ms | Allocations: 7084)


  
ActionView::Template::Error (The asset "main.js" is not present in the asset pipeline.
):
    1: <h1>Homes#index</h1>
    2: <p>Find me in app/views/homes/index.html.erb</p>
    3: <%= javascript_include_tag 'main' %>
  
app/views/homes/index.html.erb:3
Started GET "/" for ::1 at 2021-01-07 08:18:38 +0900
Processing by HomesController#index as HTML
  Rendering homes/index.html.erb within layouts/application
  Rendered homes/index.html.erb within layouts/application (Duration: 27.7ms | Allocations: 5889)
Completed 500 Internal Server Error in 29ms (ActiveRecord: 0.0ms | Allocations: 6239)


  
ActionView::Template::Error (The asset "main.js" is not present in the asset pipeline.
):
    1: <h1>Homes#index</h1>
    2: <p>Find me in app/views/homes/index.html.erb</p>
    3: <%= javascript_include_tag 'main' %>
  
app/views/homes/index.html.erb:3
Started GET "/" for ::1 at 2021-01-07 08:19:24 +0900
Processing by HomesController#index as HTML
  Rendering homes/index.html.erb within layouts/application
  Rendered homes/index.html.erb within layouts/application (Duration: 21.1ms | Allocations: 5887)
Completed 500 Internal Server Error in 24ms (ActiveRecord: 0.0ms | Allocations: 6234)


  
ActionView::Template::Error (The asset "main.js" is not present in the asset pipeline.
):
    1: <h1>Homes#index</h1>
    2: <p>Find me in app/views/homes/index.html.erb</p>
    3: <%= javascript_include_tag 'main' %>
  
app/views/homes/index.html.erb:3
Started GET "/" for ::1 at 2021-01-07 08:19:56 +0900
Processing by HomesController#index as HTML
  Rendering homes/index.html.erb within layouts/application
  Rendered homes/index.html.erb within layouts/application (Duration: 13.9ms | Allocations: 5889)
Completed 500 Internal Server Error in 16ms (ActiveRecord: 0.0ms | Allocations: 6238)


  
ActionView::Template::Error (The asset "main.js" is not present in the asset pipeline.
):
    1: <h1>Homes#index</h1>
    2: <p>Find me in app/views/homes/index.html.erb</p>
    3: <%= javascript_include_tag 'main' %>
  
app/views/homes/index.html.erb:3
Started GET "/" for ::1 at 2021-01-07 09:41:31 +0900
  [1m[35m (8.4ms)[0m  [1m[35mSET NAMES utf8mb4,  @@SESSION.sql_mode = CONCAT(CONCAT(@@sql_mode, ',STRICT_ALL_TABLES'), ',NO_AUTO_VALUE_ON_ZERO'),  @@SESSION.sql_auto_is_null = 0, @@SESSION.wait_timeout = 2147483[0m
Processing by HomesController#index as HTML
  Rendering homes/index.html.erb within layouts/application
  Rendered homes/index.html.erb within layouts/application (Duration: 794.0ms | Allocations: 288374)
Completed 500 Internal Server Error in 895ms (ActiveRecord: 0.0ms | Allocations: 290217)


  
ActionView::Template::Error (The asset "main.js" is not present in the asset pipeline.
):
    1: <h1>Homes#index</h1>
    2: <p>Find me in app/views/homes/index.html.erb</p>
    3: <%= javascript_include_tag 'main' %>
  
app/views/homes/index.html.erb:3
Started GET "/" for ::1 at 2021-01-07 09:41:34 +0900
  [1m[35m (0.4ms)[0m  [1m[35mSET NAMES utf8mb4,  @@SESSION.sql_mode = CONCAT(CONCAT(@@sql_mode, ',STRICT_ALL_TABLES'), ',NO_AUTO_VALUE_ON_ZERO'),  @@SESSION.sql_auto_is_null = 0, @@SESSION.wait_timeout = 2147483[0m
Processing by HomesController#index as HTML
  Rendering homes/index.html.erb within layouts/application
  Rendered homes/index.html.erb within layouts/application (Duration: 9.2ms | Allocations: 5996)
Completed 500 Internal Server Error in 22ms (ActiveRecord: 0.0ms | Allocations: 8995)


  
ActionView::Template::Error (The asset "main.js" is not present in the asset pipeline.
):
    1: <h1>Homes#index</h1>
    2: <p>Find me in app/views/homes/index.html.erb</p>
    3: <%= javascript_include_tag 'main' %>
  
app/views/homes/index.html.erb:3
Started GET "/" for ::1 at 2021-01-07 09:43:33 +0900
Processing by HomesController#index as HTML
  Rendering homes/index.html.erb within layouts/application
  Rendered homes/index.html.erb within layouts/application (Duration: 15.5ms | Allocations: 5889)
Completed 500 Internal Server Error in 17ms (ActiveRecord: 0.0ms | Allocations: 6238)


  
ActionView::Template::Error (The asset "main.js" is not present in the asset pipeline.
):
    1: <h1>Homes#index</h1>
    2: <p>Find me in app/views/homes/index.html.erb</p>
    3: <%= javascript_include_tag 'main' %>
  
app/views/homes/index.html.erb:3
Started GET "/" for ::1 at 2021-01-07 09:44:23 +0900
  [1m[35m (0.9ms)[0m  [1m[35mSET NAMES utf8mb4,  @@SESSION.sql_mode = CONCAT(CONCAT(@@sql_mode, ',STRICT_ALL_TABLES'), ',NO_AUTO_VALUE_ON_ZERO'),  @@SESSION.sql_auto_is_null = 0, @@SESSION.wait_timeout = 2147483[0m
Processing by HomesController#index as HTML
  Rendering homes/index.html.erb within layouts/application
  Rendered homes/index.html.erb within layouts/application (Duration: 264.4ms | Allocations: 288374)
Completed 500 Internal Server Error in 293ms (ActiveRecord: 0.0ms | Allocations: 290217)


  
ActionView::Template::Error (The asset "main.js" is not present in the asset pipeline.
):
    1: <h1>Homes#index</h1>
    2: <p>Find me in app/views/homes/index.html.erb</p>
    3: <%= javascript_include_tag 'main' %>
  
app/views/homes/index.html.erb:3
Started GET "/" for ::1 at 2021-01-07 09:49:30 +0900
Processing by HomesController#index as HTML
  Rendering homes/index.html.erb within layouts/application
  Rendered homes/index.html.erb within layouts/application (Duration: 29.2ms | Allocations: 5890)
Completed 500 Internal Server Error in 32ms (ActiveRecord: 0.0ms | Allocations: 6247)


  
ActionView::Template::Error (The asset "main.js" is not present in the asset pipeline.
):
    1: <h1>Homes#index</h1>
    2: <p>Find me in app/views/homes/index.html.erb</p>
    3: <%= javascript_include_tag 'main' %>
  
app/views/homes/index.html.erb:3
Started GET "/" for ::1 at 2021-01-07 09:49:50 +0900
Processing by HomesController#index as HTML
  Rendering homes/index.html.erb within layouts/application
  Rendered homes/index.html.erb within layouts/application (Duration: 17.5ms | Allocations: 5889)
Completed 500 Internal Server Error in 19ms (ActiveRecord: 0.0ms | Allocations: 6238)


  
ActionView::Template::Error (The asset "main.js" is not present in the asset pipeline.
):
    1: <h1>Homes#index</h1>
    2: <p>Find me in app/views/homes/index.html.erb</p>
    3: <%= javascript_include_tag 'main' %>
  
app/views/homes/index.html.erb:3
Started GET "/" for ::1 at 2021-01-07 09:50:41 +0900
  [1m[35m (1.3ms)[0m  [1m[35mSET NAMES utf8mb4,  @@SESSION.sql_mode = CONCAT(CONCAT(@@sql_mode, ',STRICT_ALL_TABLES'), ',NO_AUTO_VALUE_ON_ZERO'),  @@SESSION.sql_auto_is_null = 0, @@SESSION.wait_timeout = 2147483[0m
Processing by HomesController#index as HTML
  Rendering homes/index.html.erb within layouts/application
  Rendered homes/index.html.erb within layouts/application (Duration: 364.8ms | Allocations: 288378)
Completed 500 Internal Server Error in 388ms (ActiveRecord: 0.0ms | Allocations: 290222)


  
ActionView::Template::Error (The asset "main.js" is not present in the asset pipeline.
):
    1: <h1>Homes#index</h1>
    2: <p>Find me in app/views/homes/index.html.erb</p>
    3: <%= javascript_include_tag 'main' %>
  
app/views/homes/index.html.erb:3
Started GET "/" for ::1 at 2021-01-07 09:57:39 +0900
  [1m[35m (0.3ms)[0m  [1m[35mSET NAMES utf8mb4,  @@SESSION.sql_mode = CONCAT(CONCAT(@@sql_mode, ',STRICT_ALL_TABLES'), ',NO_AUTO_VALUE_ON_ZERO'),  @@SESSION.sql_auto_is_null = 0, @@SESSION.wait_timeout = 2147483[0m
Processing by HomesController#index as HTML
  Rendering homes/index.html.erb within layouts/application
  Rendered homes/index.html.erb within layouts/application (Duration: 30.9ms | Allocations: 5890)
Completed 500 Internal Server Error in 34ms (ActiveRecord: 0.0ms | Allocations: 6245)


  
ActionView::Template::Error (The asset "main.js" is not present in the asset pipeline.
):
    1: <h1>Homes#index</h1>
    2: <p>Find me in app/views/homes/index.html.erb</p>
    3: <%= javascript_include_tag 'main' %>
  
app/views/homes/index.html.erb:3
Started GET "/" for ::1 at 2021-01-07 09:59:30 +0900
  [1m[35m (1.5ms)[0m  [1m[35mSET NAMES utf8mb4,  @@SESSION.sql_mode = CONCAT(CONCAT(@@sql_mode, ',STRICT_ALL_TABLES'), ',NO_AUTO_VALUE_ON_ZERO'),  @@SESSION.sql_auto_is_null = 0, @@SESSION.wait_timeout = 2147483[0m
Processing by HomesController#index as HTML
  Rendering homes/index.html.erb within layouts/application
  Rendered homes/index.html.erb within layouts/application (Duration: 424.2ms | Allocations: 288378)
Completed 500 Internal Server Error in 454ms (ActiveRecord: 0.0ms | Allocations: 290222)


  
ActionView::Template::Error (The asset "main.js" is not present in the asset pipeline.
):
    1: <h1>Homes#index</h1>
    2: <p>Find me in app/views/homes/index.html.erb</p>
    3: <%= javascript_include_tag 'main' %>
  
app/views/homes/index.html.erb:3
Started GET "/" for ::1 at 2021-01-07 10:02:53 +0900
Processing by HomesController#index as HTML
  Rendering homes/index.html.erb within layouts/application
  Rendered homes/index.html.erb within layouts/application (Duration: 102.5ms | Allocations: 5891)
Completed 500 Internal Server Error in 105ms (ActiveRecord: 0.0ms | Allocations: 6250)


  
ActionView::Template::Error (The asset "main.js" is not present in the asset pipeline.
):
    1: <h1>Homes#index</h1>
    2: <p>Find me in app/views/homes/index.html.erb</p>
    3: <%= javascript_include_tag 'main' %>
  
app/views/homes/index.html.erb:3
Started GET "/" for ::1 at 2021-01-07 10:10:20 +0900
  [1m[35m (1.1ms)[0m  [1m[35mSET NAMES utf8mb4,  @@SESSION.sql_mode = CONCAT(CONCAT(@@sql_mode, ',STRICT_ALL_TABLES'), ',NO_AUTO_VALUE_ON_ZERO'),  @@SESSION.sql_auto_is_null = 0, @@SESSION.wait_timeout = 2147483[0m
Processing by HomesController#index as HTML
  Rendering homes/index.html.erb within layouts/application
  Rendered homes/index.html.erb within layouts/application (Duration: 404.3ms | Allocations: 284610)
Completed 500 Internal Server Error in 427ms (ActiveRecord: 0.0ms | Allocations: 286454)


  
ActionView::Template::Error (The asset "main.js" is not present in the asset pipeline.
):
    1: <h1>Homes#index</h1>
    2: <p>Find me in app/views/homes/index.html.erb</p>
    3: <%= javascript_include_tag 'main' %>
  
app/views/homes/index.html.erb:3
Started GET "/" for ::1 at 2021-01-07 10:13:05 +0900
Processing by HomesController#index as HTML
  Rendering homes/index.html.erb within layouts/application
  Rendered homes/index.html.erb within layouts/application (Duration: 11.4ms | Allocations: 2126)
Completed 500 Internal Server Error in 14ms (ActiveRecord: 0.0ms | Allocations: 2483)


  
ActionView::Template::Error (The asset "main.js" is not present in the asset pipeline.
):
    1: <h1>Homes#index</h1>
    2: <p>Find me in app/views/homes/index.html.erb</p>
    3: <%= javascript_include_tag 'main' %>
  
app/views/homes/index.html.erb:3
Started GET "/" for ::1 at 2021-01-07 10:17:16 +0900
Processing by HomesController#index as HTML
  Rendering homes/index.html.erb within layouts/application
  Rendered homes/index.html.erb within layouts/application (Duration: 27.4ms | Allocations: 2125)
Completed 500 Internal Server Error in 30ms (ActiveRecord: 0.0ms | Allocations: 2474)


  
ActionView::Template::Error (The asset "main.js" is not present in the asset pipeline.
):
    1: <h1>Homes#index</h1>
    2: <p>Find me in app/views/homes/index.html.erb</p>
    3: <%= javascript_include_tag 'main' %>
  
app/views/homes/index.html.erb:3
Started GET "/" for ::1 at 2021-01-07 10:39:51 +0900
  [1m[35m (14.3ms)[0m  [1m[35mSET NAMES utf8mb4,  @@SESSION.sql_mode = CONCAT(CONCAT(@@sql_mode, ',STRICT_ALL_TABLES'), ',NO_AUTO_VALUE_ON_ZERO'),  @@SESSION.sql_auto_is_null = 0, @@SESSION.wait_timeout = 2147483[0m
Processing by HomesController#index as HTML
  Rendering homes/index.html.erb within layouts/application
  Rendered homes/index.html.erb within layouts/application (Duration: 961.0ms | Allocations: 284614)
Completed 500 Internal Server Error in 1013ms (ActiveRecord: 0.0ms | Allocations: 286458)


  
ActionView::Template::Error (The asset "main.js" is not present in the asset pipeline.
):
    1: <h1>Homes#index</h1>
    2: <p>Find me in app/views/homes/index.html.erb</p>
    3: <%= javascript_include_tag 'main' %>
  
app/views/homes/index.html.erb:3
Started GET "/" for ::1 at 2021-01-07 10:39:54 +0900
  [1m[35m (31.8ms)[0m  [1m[35mSET NAMES utf8mb4,  @@SESSION.sql_mode = CONCAT(CONCAT(@@sql_mode, ',STRICT_ALL_TABLES'), ',NO_AUTO_VALUE_ON_ZERO'),  @@SESSION.sql_auto_is_null = 0, @@SESSION.wait_timeout = 2147483[0m
Processing by HomesController#index as HTML
  Rendering homes/index.html.erb within layouts/application
  Rendered homes/index.html.erb within layouts/application (Duration: 7.2ms | Allocations: 3623)
Completed 500 Internal Server Error in 9ms (ActiveRecord: 0.0ms | Allocations: 3981)


  
ActionView::Template::Error (The asset "main.js" is not present in the asset pipeline.
):
    1: <h1>Homes#index</h1>
    2: <p>Find me in app/views/homes/index.html.erb</p>
    3: <%= javascript_include_tag 'main' %>
  
app/views/homes/index.html.erb:3
Started GET "/" for ::1 at 2021-01-07 10:40:04 +0900
Processing by HomesController#index as HTML
  Rendering homes/index.html.erb within layouts/application
  Rendered homes/index.html.erb within layouts/application (Duration: 7.7ms | Allocations: 2080)
Completed 500 Internal Server Error in 9ms (ActiveRecord: 0.0ms | Allocations: 2429)


  
ActionView::Template::Error (The asset "main.js" is not present in the asset pipeline.
):
    1: <h1>Homes#index</h1>
    2: <p>Find me in app/views/homes/index.html.erb</p>
    3: <%= javascript_include_tag 'main' %>
  
app/views/homes/index.html.erb:3
Started GET "/" for ::1 at 2021-01-07 10:41:12 +0900
Processing by HomesController#index as HTML
  Rendering homes/index.html.erb within layouts/application
  Rendered homes/index.html.erb within layouts/application (Duration: 6.5ms | Allocations: 2174)
Completed 500 Internal Server Error in 12ms (ActiveRecord: 0.0ms | Allocations: 3262)


  
ActionView::Template::Error (The asset "main.js" is not present in the asset pipeline.
):
    1: <h1>Homes#index</h1>
    2: <p>Find me in app/views/homes/index.html.erb</p>
    3: <%= javascript_include_tag 'main' %>
  
app/views/homes/index.html.erb:3
Started GET "/" for ::1 at 2021-01-07 10:47:37 +0900
  [1m[35m (1.0ms)[0m  [1m[35mSET NAMES utf8mb4,  @@SESSION.sql_mode = CONCAT(CONCAT(@@sql_mode, ',STRICT_ALL_TABLES'), ',NO_AUTO_VALUE_ON_ZERO'),  @@SESSION.sql_auto_is_null = 0, @@SESSION.wait_timeout = 2147483[0m
Processing by HomesController#index as HTML
  Rendering homes/index.html.erb within layouts/application
  Rendered homes/index.html.erb within layouts/application (Duration: 13.3ms | Allocations: 1501)
Completed 500 Internal Server Error in 36ms (ActiveRecord: 0.0ms | Allocations: 2586)


  
ActionView::Template::Error (undefined method `start_with?' for nil:NilClass):
    1: <h1>Homes#index</h1>
    2: <p>Find me in app/views/homes/index.html.erb</p>
    3: <%= javascript_include_tag '../../../public/main' %>
  
app/views/homes/index.html.erb:3
Started GET "/" for ::1 at 2021-01-07 10:50:20 +0900
Processing by HomesController#index as HTML
  Rendering homes/index.html.erb within layouts/application
  Rendered homes/index.html.erb within layouts/application (Duration: 28.7ms | Allocations: 2176)
Completed 500 Internal Server Error in 46ms (ActiveRecord: 0.0ms | Allocations: 3261)


  
ActionView::Template::Error (The asset "main.js" is not present in the asset pipeline.
):
    1: <h1>Homes#index</h1>
    2: <p>Find me in app/views/homes/index.html.erb</p>
    3: <%= javascript_include_tag 'main' %>
  
app/views/homes/index.html.erb:3
Started GET "/" for ::1 at 2021-01-07 10:50:36 +0900
Processing by HomesController#index as HTML
  Rendering homes/index.html.erb within layouts/application
  Rendered homes/index.html.erb within layouts/application (Duration: 11.6ms | Allocations: 2078)
Completed 500 Internal Server Error in 13ms (ActiveRecord: 0.0ms | Allocations: 2426)


  
ActionView::Template::Error (The asset "main.js" is not present in the asset pipeline.
):
    1: <h1>Homes#index</h1>
    2: <p>Find me in app/views/homes/index.html.erb</p>
    3: <%= javascript_include_tag 'main' %>
  
app/views/homes/index.html.erb:3
Started GET "/" for ::1 at 2021-01-07 10:52:50 +0900
  [1m[35m (1.4ms)[0m  [1m[35mSET NAMES utf8mb4,  @@SESSION.sql_mode = CONCAT(CONCAT(@@sql_mode, ',STRICT_ALL_TABLES'), ',NO_AUTO_VALUE_ON_ZERO'),  @@SESSION.sql_auto_is_null = 0, @@SESSION.wait_timeout = 2147483[0m
Processing by HomesController#index as HTML
  Rendering homes/index.html.erb within layouts/application
  Rendered homes/index.html.erb within layouts/application (Duration: 345.2ms | Allocations: 284142)
Completed 500 Internal Server Error in 366ms (ActiveRecord: 0.0ms | Allocations: 285989)


  
ActionView::Template::Error (The asset "main.js" is not present in the asset pipeline.
):
    1: <h1>Homes#index</h1>
    2: <p>Find me in app/views/homes/index.html.erb</p>
    3: <%= javascript_include_tag 'main' %>
  
app/views/homes/index.html.erb:3
Started PUT "/__web_console/repl_sessions/5b0b6cbdd6be69214871bfe5d1bfbb26" for ::1 at 2021-01-07 10:52:53 +0900
Started PUT "/__web_console/repl_sessions/5b0b6cbdd6be69214871bfe5d1bfbb26" for ::1 at 2021-01-07 10:52:56 +0900
Started PUT "/__web_console/repl_sessions/5b0b6cbdd6be69214871bfe5d1bfbb26" for ::1 at 2021-01-07 10:53:00 +0900
Started GET "/" for ::1 at 2021-01-07 10:55:11 +0900
Processing by HomesController#index as HTML
  Rendering homes/index.html.erb within layouts/application
  Rendered homes/index.html.erb within layouts/application (Duration: 3.7ms | Allocations: 1656)
Completed 500 Internal Server Error in 6ms (ActiveRecord: 0.0ms | Allocations: 2012)


  
ActionView::Template::Error (The asset "main.js" is not present in the asset pipeline.
):
    1: <h1>Homes#index</h1>
    2: <p>Find me in app/views/homes/index.html.erb</p>
    3: <%= javascript_include_tag 'main' %>
  
app/views/homes/index.html.erb:3
Started GET "/" for ::1 at 2021-01-07 10:56:50 +0900
Processing by HomesController#index as HTML
  Rendering homes/index.html.erb within layouts/application
  Rendered homes/index.html.erb within layouts/application (Duration: 7.6ms | Allocations: 1654)
Completed 500 Internal Server Error in 10ms (ActiveRecord: 0.0ms | Allocations: 2001)


  
ActionView::Template::Error (The asset "main.js" is not present in the asset pipeline.
):
    1: <h1>Homes#index</h1>
    2: <p>Find me in app/views/homes/index.html.erb</p>
    3: <%= javascript_include_tag 'main' %>
  
app/views/homes/index.html.erb:3
Started GET "/" for ::1 at 2021-01-07 11:08:03 +0900
  [1m[35m (4.9ms)[0m  [1m[35mSET NAMES utf8mb4,  @@SESSION.sql_mode = CONCAT(CONCAT(@@sql_mode, ',STRICT_ALL_TABLES'), ',NO_AUTO_VALUE_ON_ZERO'),  @@SESSION.sql_auto_is_null = 0, @@SESSION.wait_timeout = 2147483[0m
Processing by HomesController#index as HTML
  Rendering homes/index.html.erb within layouts/application
  Rendered homes/index.html.erb within layouts/application (Duration: 391.1ms | Allocations: 284141)
Completed 500 Internal Server Error in 413ms (ActiveRecord: 0.0ms | Allocations: 285985)


  
ActionView::Template::Error (The asset "main.js" is not present in the asset pipeline.
):
    1: <h1>Homes#index</h1>
    2: <p>Find me in app/views/homes/index.html.erb</p>
    3: <%= javascript_include_tag 'main' %>
  
app/views/homes/index.html.erb:3
Started GET "/" for ::1 at 2021-01-07 11:12:46 +0900
  [1m[35m (4.1ms)[0m  [1m[35mSET NAMES utf8mb4,  @@SESSION.sql_mode = CONCAT(CONCAT(@@sql_mode, ',STRICT_ALL_TABLES'), ',NO_AUTO_VALUE_ON_ZERO'),  @@SESSION.sql_auto_is_null = 0, @@SESSION.wait_timeout = 2147483[0m
Processing by HomesController#index as HTML
  Rendering homes/index.html.erb within layouts/application
  Rendered homes/index.html.erb within layouts/application (Duration: 225.3ms | Allocations: 284141)
Completed 500 Internal Server Error in 245ms (ActiveRecord: 0.0ms | Allocations: 285984)


  
ActionView::Template::Error (The asset "main.js" is not present in the asset pipeline.
):
    1: <h1>Homes#index</h1>
    2: <p>Find me in app/views/homes/index.html.erb</p>
    3: <%= javascript_include_tag 'main' %>
  
app/views/homes/index.html.erb:3
Started GET "/" for ::1 at 2021-01-07 11:15:14 +0900
Processing by HomesController#index as HTML
  Rendering homes/index.html.erb within layouts/application
  Rendered homes/index.html.erb within layouts/application (Duration: 24.0ms | Allocations: 1657)
Completed 500 Internal Server Error in 36ms (ActiveRecord: 0.0ms | Allocations: 2014)


  
ActionView::Template::Error (The asset "main.js" is not present in the asset pipeline.
):
    1: <h1>Homes#index</h1>
    2: <p>Find me in app/views/homes/index.html.erb</p>
    3: <%= javascript_include_tag 'main' %>
  
app/views/homes/index.html.erb:3
Started GET "/" for ::1 at 2021-01-07 11:15:17 +0900
Processing by HomesController#index as HTML
  Rendering homes/index.html.erb within layouts/application
  Rendered homes/index.html.erb within layouts/application (Duration: 17.1ms | Allocations: 1654)
Completed 500 Internal Server Error in 20ms (ActiveRecord: 0.0ms | Allocations: 2001)


  
ActionView::Template::Error (The asset "main.js" is not present in the asset pipeline.
):
    1: <h1>Homes#index</h1>
    2: <p>Find me in app/views/homes/index.html.erb</p>
    3: <%= javascript_include_tag 'main' %>
  
app/views/homes/index.html.erb:3
Started GET "/" for ::1 at 2021-01-07 11:15:18 +0900
Processing by HomesController#index as HTML
  Rendering homes/index.html.erb within layouts/application
  Rendered homes/index.html.erb within layouts/application (Duration: 5.1ms | Allocations: 1656)
Completed 500 Internal Server Error in 7ms (ActiveRecord: 0.0ms | Allocations: 2005)


  
ActionView::Template::Error (The asset "main.js" is not present in the asset pipeline.
):
    1: <h1>Homes#index</h1>
    2: <p>Find me in app/views/homes/index.html.erb</p>
    3: <%= javascript_include_tag 'main' %>
  
app/views/homes/index.html.erb:3
Started GET "/" for ::1 at 2021-01-07 11:15:50 +0900
  [1m[35m (1.0ms)[0m  [1m[35mSET NAMES utf8mb4,  @@SESSION.sql_mode = CONCAT(CONCAT(@@sql_mode, ',STRICT_ALL_TABLES'), ',NO_AUTO_VALUE_ON_ZERO'),  @@SESSION.sql_auto_is_null = 0, @@SESSION.wait_timeout = 2147483[0m
Processing by HomesController#index as HTML
  Rendering homes/index.html.erb within layouts/application
  Rendered homes/index.html.erb within layouts/application (Duration: 352.9ms | Allocations: 284141)
Completed 500 Internal Server Error in 384ms (ActiveRecord: 0.0ms | Allocations: 285985)


  
ActionView::Template::Error (The asset "main.js" is not present in the asset pipeline.
):
    1: <h1>Homes#index</h1>
    2: <p>Find me in app/views/homes/index.html.erb</p>
    3: <%= javascript_include_tag 'main' %>
  
app/views/homes/index.html.erb:3
Started GET "/" for ::1 at 2021-01-07 11:27:58 +0900
  [1m[35m (5.2ms)[0m  [1m[35mSET NAMES utf8mb4,  @@SESSION.sql_mode = CONCAT(CONCAT(@@sql_mode, ',STRICT_ALL_TABLES'), ',NO_AUTO_VALUE_ON_ZERO'),  @@SESSION.sql_auto_is_null = 0, @@SESSION.wait_timeout = 2147483[0m
Processing by HomesController#index as HTML
  Rendering homes/index.html.erb within layouts/application
  Rendered homes/index.html.erb within layouts/application (Duration: 2.9ms | Allocations: 203)
Completed 500 Internal Server Error in 405ms (ActiveRecord: 0.0ms | Allocations: 286122)


  
ActionView::Template::Error (The asset "main.js" is not present in the asset pipeline.
):
     8: 
     9:   <body>
    10:     <%= yield %>
    11:     <%= javascript_include_tag 'main' %>
    12:   </body>
    13: </html>
  
app/views/layouts/application.html.erb:11
Started GET "/" for ::1 at 2021-01-07 11:32:38 +0900
  [1m[35m (1.9ms)[0m  [1m[35mSET NAMES utf8mb4,  @@SESSION.sql_mode = CONCAT(CONCAT(@@sql_mode, ',STRICT_ALL_TABLES'), ',NO_AUTO_VALUE_ON_ZERO'),  @@SESSION.sql_auto_is_null = 0, @@SESSION.wait_timeout = 2147483[0m
  
AbstractController::ActionNotFound (The action 'index' could not be found for HomesController):
  
actionpack (6.0.3.4) lib/abstract_controller/base.rb:131:in `process'
actionview (6.0.3.4) lib/action_view/rendering.rb:39:in `process'
actionpack (6.0.3.4) lib/action_controller/metal.rb:190:in `dispatch'
actionpack (6.0.3.4) lib/action_controller/metal.rb:254:in `dispatch'
actionpack (6.0.3.4) lib/action_dispatch/routing/route_set.rb:50:in `dispatch'
actionpack (6.0.3.4) lib/action_dispatch/routing/route_set.rb:33:in `serve'
actionpack (6.0.3.4) lib/action_dispatch/journey/router.rb:49:in `block in serve'
actionpack (6.0.3.4) lib/action_dispatch/journey/router.rb:32:in `each'
actionpack (6.0.3.4) lib/action_dispatch/journey/router.rb:32:in `serve'
actionpack (6.0.3.4) lib/action_dispatch/routing/route_set.rb:834:in `call'
rack (2.2.3) lib/rack/tempfile_reaper.rb:15:in `call'
rack (2.2.3) lib/rack/etag.rb:27:in `call'
rack (2.2.3) lib/rack/conditional_get.rb:27:in `call'
rack (2.2.3) lib/rack/head.rb:12:in `call'
actionpack (6.0.3.4) lib/action_dispatch/http/content_security_policy.rb:18:in `call'
rack (2.2.3) lib/rack/session/abstract/id.rb:266:in `context'
rack (2.2.3) lib/rack/session/abstract/id.rb:260:in `call'
actionpack (6.0.3.4) lib/action_dispatch/middleware/cookies.rb:648:in `call'
activerecord (6.0.3.4) lib/active_record/migration.rb:567:in `call'
actionpack (6.0.3.4) lib/action_dispatch/middleware/callbacks.rb:27:in `block in call'
activesupport (6.0.3.4) lib/active_support/callbacks.rb:101:in `run_callbacks'
actionpack (6.0.3.4) lib/action_dispatch/middleware/callbacks.rb:26:in `call'
actionpack (6.0.3.4) lib/action_dispatch/middleware/executor.rb:14:in `call'
actionpack (6.0.3.4) lib/action_dispatch/middleware/actionable_exceptions.rb:18:in `call'
actionpack (6.0.3.4) lib/action_dispatch/middleware/debug_exceptions.rb:32:in `call'
web-console (4.1.0) lib/web_console/middleware.rb:132:in `call_app'
web-console (4.1.0) lib/web_console/middleware.rb:28:in `block in call'
web-console (4.1.0) lib/web_console/middleware.rb:17:in `catch'
web-console (4.1.0) lib/web_console/middleware.rb:17:in `call'
actionpack (6.0.3.4) lib/action_dispatch/middleware/show_exceptions.rb:33:in `call'
railties (6.0.3.4) lib/rails/rack/logger.rb:37:in `call_app'
railties (6.0.3.4) lib/rails/rack/logger.rb:26:in `block in call'
activesupport (6.0.3.4) lib/active_support/tagged_logging.rb:80:in `block in tagged'
activesupport (6.0.3.4) lib/active_support/tagged_logging.rb:28:in `tagged'
activesupport (6.0.3.4) lib/active_support/tagged_logging.rb:80:in `tagged'
railties (6.0.3.4) lib/rails/rack/logger.rb:26:in `call'
sprockets-rails (3.2.2) lib/sprockets/rails/quiet_assets.rb:13:in `call'
actionpack (6.0.3.4) lib/action_dispatch/middleware/remote_ip.rb:81:in `call'
actionpack (6.0.3.4) lib/action_dispatch/middleware/request_id.rb:27:in `call'
rack (2.2.3) lib/rack/method_override.rb:24:in `call'
rack (2.2.3) lib/rack/runtime.rb:22:in `call'
activesupport (6.0.3.4) lib/active_support/cache/strategy/local_cache_middleware.rb:29:in `call'
actionpack (6.0.3.4) lib/action_dispatch/middleware/executor.rb:14:in `call'
actionpack (6.0.3.4) lib/action_dispatch/middleware/static.rb:126:in `call'
rack (2.2.3) lib/rack/sendfile.rb:110:in `call'
actionpack (6.0.3.4) lib/action_dispatch/middleware/host_authorization.rb:82:in `call'
railties (6.0.3.4) lib/rails/engine.rb:527:in `call'
puma (3.12.6) lib/puma/configuration.rb:227:in `call'
puma (3.12.6) lib/puma/server.rb:706:in `handle_request'
puma (3.12.6) lib/puma/server.rb:476:in `process_client'
puma (3.12.6) lib/puma/server.rb:334:in `block in run'
puma (3.12.6) lib/puma/thread_pool.rb:135:in `block in spawn_thread'
Started GET "/" for ::1 at 2021-01-07 11:32:54 +0900
Processing by HomesController#index as HTML
Completed 406 Not Acceptable in 9ms (ActiveRecord: 0.0ms | Allocations: 1962)


  
ActionController::MissingExactTemplate (HomesController#index is missing a template for request formats: text/html):
  
actionpack (6.0.3.4) lib/action_controller/metal/implicit_render.rb:45:in `default_render'
actionpack (6.0.3.4) lib/action_controller/metal/basic_implicit_render.rb:6:in `block in send_action'
actionpack (6.0.3.4) lib/action_controller/metal/basic_implicit_render.rb:6:in `tap'
actionpack (6.0.3.4) lib/action_controller/metal/basic_implicit_render.rb:6:in `send_action'
actionpack (6.0.3.4) lib/abstract_controller/base.rb:195:in `process_action'
actionpack (6.0.3.4) lib/action_controller/metal/rendering.rb:30:in `process_action'
actionpack (6.0.3.4) lib/abstract_controller/callbacks.rb:42:in `block in process_action'
activesupport (6.0.3.4) lib/active_support/callbacks.rb:135:in `run_callbacks'
actionpack (6.0.3.4) lib/abstract_controller/callbacks.rb:41:in `process_action'
actionpack (6.0.3.4) lib/action_controller/metal/rescue.rb:22:in `process_action'
actionpack (6.0.3.4) lib/action_controller/metal/instrumentation.rb:33:in `block in process_action'
activesupport (6.0.3.4) lib/active_support/notifications.rb:180:in `block in instrument'
activesupport (6.0.3.4) lib/active_support/notifications/instrumenter.rb:24:in `instrument'
activesupport (6.0.3.4) lib/active_support/notifications.rb:180:in `instrument'
actionpack (6.0.3.4) lib/action_controller/metal/instrumentation.rb:32:in `process_action'
actionpack (6.0.3.4) lib/action_controller/metal/params_wrapper.rb:245:in `process_action'
activerecord (6.0.3.4) lib/active_record/railties/controller_runtime.rb:27:in `process_action'
actionpack (6.0.3.4) lib/abstract_controller/base.rb:136:in `process'
actionview (6.0.3.4) lib/action_view/rendering.rb:39:in `process'
actionpack (6.0.3.4) lib/action_controller/metal.rb:190:in `dispatch'
actionpack (6.0.3.4) lib/action_controller/metal.rb:254:in `dispatch'
actionpack (6.0.3.4) lib/action_dispatch/routing/route_set.rb:50:in `dispatch'
actionpack (6.0.3.4) lib/action_dispatch/routing/route_set.rb:33:in `serve'
actionpack (6.0.3.4) lib/action_dispatch/journey/router.rb:49:in `block in serve'
actionpack (6.0.3.4) lib/action_dispatch/journey/router.rb:32:in `each'
actionpack (6.0.3.4) lib/action_dispatch/journey/router.rb:32:in `serve'
actionpack (6.0.3.4) lib/action_dispatch/routing/route_set.rb:834:in `call'
rack (2.2.3) lib/rack/tempfile_reaper.rb:15:in `call'
rack (2.2.3) lib/rack/etag.rb:27:in `call'
rack (2.2.3) lib/rack/conditional_get.rb:27:in `call'
rack (2.2.3) lib/rack/head.rb:12:in `call'
actionpack (6.0.3.4) lib/action_dispatch/http/content_security_policy.rb:18:in `call'
rack (2.2.3) lib/rack/session/abstract/id.rb:266:in `context'
rack (2.2.3) lib/rack/session/abstract/id.rb:260:in `call'
actionpack (6.0.3.4) lib/action_dispatch/middleware/cookies.rb:648:in `call'
activerecord (6.0.3.4) lib/active_record/migration.rb:567:in `call'
actionpack (6.0.3.4) lib/action_dispatch/middleware/callbacks.rb:27:in `block in call'
activesupport (6.0.3.4) lib/active_support/callbacks.rb:101:in `run_callbacks'
actionpack (6.0.3.4) lib/action_dispatch/middleware/callbacks.rb:26:in `call'
actionpack (6.0.3.4) lib/action_dispatch/middleware/executor.rb:14:in `call'
actionpack (6.0.3.4) lib/action_dispatch/middleware/actionable_exceptions.rb:18:in `call'
actionpack (6.0.3.4) lib/action_dispatch/middleware/debug_exceptions.rb:32:in `call'
web-console (4.1.0) lib/web_console/middleware.rb:132:in `call_app'
web-console (4.1.0) lib/web_console/middleware.rb:28:in `block in call'
web-console (4.1.0) lib/web_console/middleware.rb:17:in `catch'
web-console (4.1.0) lib/web_console/middleware.rb:17:in `call'
actionpack (6.0.3.4) lib/action_dispatch/middleware/show_exceptions.rb:33:in `call'
railties (6.0.3.4) lib/rails/rack/logger.rb:37:in `call_app'
railties (6.0.3.4) lib/rails/rack/logger.rb:26:in `block in call'
activesupport (6.0.3.4) lib/active_support/tagged_logging.rb:80:in `block in tagged'
activesupport (6.0.3.4) lib/active_support/tagged_logging.rb:28:in `tagged'
activesupport (6.0.3.4) lib/active_support/tagged_logging.rb:80:in `tagged'
railties (6.0.3.4) lib/rails/rack/logger.rb:26:in `call'
sprockets-rails (3.2.2) lib/sprockets/rails/quiet_assets.rb:13:in `call'
actionpack (6.0.3.4) lib/action_dispatch/middleware/remote_ip.rb:81:in `call'
actionpack (6.0.3.4) lib/action_dispatch/middleware/request_id.rb:27:in `call'
rack (2.2.3) lib/rack/method_override.rb:24:in `call'
rack (2.2.3) lib/rack/runtime.rb:22:in `call'
activesupport (6.0.3.4) lib/active_support/cache/strategy/local_cache_middleware.rb:29:in `call'
actionpack (6.0.3.4) lib/action_dispatch/middleware/executor.rb:14:in `call'
actionpack (6.0.3.4) lib/action_dispatch/middleware/static.rb:126:in `call'
rack (2.2.3) lib/rack/sendfile.rb:110:in `call'
actionpack (6.0.3.4) lib/action_dispatch/middleware/host_authorization.rb:82:in `call'
railties (6.0.3.4) lib/rails/engine.rb:527:in `call'
puma (3.12.6) lib/puma/configuration.rb:227:in `call'
puma (3.12.6) lib/puma/server.rb:706:in `handle_request'
puma (3.12.6) lib/puma/server.rb:476:in `process_client'
puma (3.12.6) lib/puma/server.rb:334:in `block in run'
puma (3.12.6) lib/puma/thread_pool.rb:135:in `block in spawn_thread'
Started GET "/" for ::1 at 2021-01-07 11:33:16 +0900
Processing by HomesController#index as HTML
  Rendering homes/index.html.erb within layouts/application
  Rendered homes/index.html.erb within layouts/application (Duration: 0.8ms | Allocations: 81)
Completed 500 Internal Server Error in 250ms (ActiveRecord: 0.0ms | Allocations: 284982)


  
ActionView::Template::Error (The asset "main.js" is not present in the asset pipeline.
):
     8: 
     9:   <body>
    10:     <%= yield %>
    11:     <%= javascript_include_tag 'main' %>
    12:   </body>
    13: </html>
  
app/views/layouts/application.html.erb:11
Started GET "/" for ::1 at 2021-01-07 11:36:05 +0900
  [1m[35m (6.2ms)[0m  [1m[35mSET NAMES utf8mb4,  @@SESSION.sql_mode = CONCAT(CONCAT(@@sql_mode, ',STRICT_ALL_TABLES'), ',NO_AUTO_VALUE_ON_ZERO'),  @@SESSION.sql_auto_is_null = 0, @@SESSION.wait_timeout = 2147483[0m
Processing by HomesController#index as HTML
  Rendering homes/index.html.erb within layouts/application
  Rendered homes/index.html.erb within layouts/application (Duration: 4.9ms | Allocations: 199)
Completed 500 Internal Server Error in 285ms (ActiveRecord: 0.0ms | Allocations: 286586)


  
ActionView::Template::Error (The asset "main.js" is not present in the asset pipeline.
):
     8: 
     9:   <body>
    10:     <%= yield %>
    11:     <%= javascript_include_tag 'main' %>
    12:   </body>
    13: </html>
  
app/views/layouts/application.html.erb:11
Started GET "/" for ::1 at 2021-01-07 11:36:24 +0900
Processing by HomesController#index as HTML
  Rendering homes/index.html.erb within layouts/application
  Rendered homes/index.html.erb within layouts/application (Duration: 0.1ms | Allocations: 5)
Completed 500 Internal Server Error in 13ms (ActiveRecord: 0.0ms | Allocations: 2458)


  
ActionView::Template::Error (The asset "main.js" is not present in the asset pipeline.
):
     8: 
     9:   <body>
    10:     <%= yield %>
    11:     <%= javascript_include_tag 'main' %>
    12:   </body>
    13: </html>
  
app/views/layouts/application.html.erb:11
Started PUT "/__web_console/repl_sessions/48463685bf6f8a93113dcc76d02b5ee6" for ::1 at 2021-01-07 11:36:43 +0900
Started GET "/" for ::1 at 2021-01-07 11:37:51 +0900
Processing by HomesController#index as HTML
  Rendering homes/index.html.erb within layouts/application
  Rendered homes/index.html.erb within layouts/application (Duration: 0.0ms | Allocations: 4)
Completed 500 Internal Server Error in 15ms (ActiveRecord: 0.0ms | Allocations: 2444)


  
ActionView::Template::Error (The asset "main.js" is not present in the asset pipeline.
):
     8: 
     9:   <body>
    10:     <%= yield %>
    11:     <%= javascript_include_tag 'main' %>
    12:   </body>
    13: </html>
  
app/views/layouts/application.html.erb:11
Started GET "/" for ::1 at 2021-01-07 11:38:25 +0900
Processing by HomesController#index as HTML
  Rendering homes/index.html.erb within layouts/application
  Rendered homes/index.html.erb within layouts/application (Duration: 0.1ms | Allocations: 4)
Completed 500 Internal Server Error in 15ms (ActiveRecord: 0.0ms | Allocations: 2444)


  
ActionView::Template::Error (The asset "main.js" is not present in the asset pipeline.
):
     8: 
     9:   <body>
    10:     <%= yield %>
    11:     <%= javascript_include_tag 'main' %>
    12:   </body>
    13: </html>
  
app/views/layouts/application.html.erb:11
Started GET "/" for ::1 at 2021-01-07 11:40:16 +0900
  [1m[35m (5.3ms)[0m  [1m[35mSET NAMES utf8mb4,  @@SESSION.sql_mode = CONCAT(CONCAT(@@sql_mode, ',STRICT_ALL_TABLES'), ',NO_AUTO_VALUE_ON_ZERO'),  @@SESSION.sql_auto_is_null = 0, @@SESSION.wait_timeout = 2147483[0m
Processing by HomesController#index as HTML
  Rendering homes/index.html.erb within layouts/application
  Rendered homes/index.html.erb within layouts/application (Duration: 2.5ms | Allocations: 199)
Completed 200 OK in 720ms (Views: 700.7ms | ActiveRecord: 0.0ms | Allocations: 304459)


Started GET "/" for ::1 at 2021-01-07 11:41:59 +0900
Processing by HomesController#index as HTML
  Rendering homes/index.html.erb within layouts/application
  Rendered homes/index.html.erb within layouts/application (Duration: 20.8ms | Allocations: 5)
Completed 200 OK in 51ms (Views: 47.8ms | ActiveRecord: 0.0ms | Allocations: 2651)


Started GET "/" for ::1 at 2021-01-07 11:42:00 +0900
Processing by HomesController#index as HTML
  Rendering homes/index.html.erb within layouts/application
  Rendered homes/index.html.erb within layouts/application (Duration: 0.1ms | Allocations: 4)
Completed 200 OK in 14ms (Views: 13.6ms | ActiveRecord: 0.0ms | Allocations: 2646)


Started GET "/" for ::1 at 2021-01-07 11:42:00 +0900
Processing by HomesController#index as HTML
  Rendering homes/index.html.erb within layouts/application
  Rendered homes/index.html.erb within layouts/application (Duration: 0.1ms | Allocations: 4)
Completed 200 OK in 12ms (Views: 10.4ms | ActiveRecord: 0.0ms | Allocations: 2626)


Started GET "/" for ::1 at 2021-01-07 11:43:07 +0900
Processing by HomesController#index as HTML
  Rendering homes/index.html.erb within layouts/application
  Rendered homes/index.html.erb within layouts/application (Duration: 0.1ms | Allocations: 4)
Completed 200 OK in 44ms (Views: 40.7ms | ActiveRecord: 0.0ms | Allocations: 2626)


Started GET "/" for ::1 at 2021-01-07 11:43:08 +0900
Processing by HomesController#index as HTML
  Rendering homes/index.html.erb within layouts/application
  Rendered homes/index.html.erb within layouts/application (Duration: 0.1ms | Allocations: 4)
Completed 200 OK in 25ms (Views: 23.6ms | ActiveRecord: 0.0ms | Allocations: 2628)


Started GET "/" for ::1 at 2021-01-07 11:43:39 +0900
Processing by HomesController#index as HTML
  Rendering homes/index.html.erb within layouts/application
  Rendered homes/index.html.erb within layouts/application (Duration: 0.1ms | Allocations: 4)
Completed 200 OK in 14ms (Views: 12.8ms | ActiveRecord: 0.0ms | Allocations: 2632)


Started GET "/" for ::1 at 2021-01-07 11:43:40 +0900
Processing by HomesController#index as HTML
  Rendering homes/index.html.erb within layouts/application
  Rendered homes/index.html.erb within layouts/application (Duration: 0.1ms | Allocations: 4)
Completed 200 OK in 12ms (Views: 10.4ms | ActiveRecord: 0.0ms | Allocations: 2644)


Started GET "/" for ::1 at 2021-01-07 11:43:49 +0900
  [1m[35m (0.5ms)[0m  [1m[35mSET NAMES utf8mb4,  @@SESSION.sql_mode = CONCAT(CONCAT(@@sql_mode, ',STRICT_ALL_TABLES'), ',NO_AUTO_VALUE_ON_ZERO'),  @@SESSION.sql_auto_is_null = 0, @@SESSION.wait_timeout = 2147483[0m
Processing by HomesController#index as HTML
  Rendering homes/index.html.erb within layouts/application
  Rendered homes/index.html.erb within layouts/application (Duration: 6.5ms | Allocations: 199)
Completed 200 OK in 281ms (Views: 261.3ms | ActiveRecord: 0.0ms | Allocations: 291854)


Started GET "/" for ::1 at 2021-01-07 11:47:10 +0900
Processing by HomesController#index as HTML
  Rendering homes/index.html.erb within layouts/application
  Rendered homes/index.html.erb within layouts/application (Duration: 0.4ms | Allocations: 5)
Completed 200 OK in 52ms (Views: 34.8ms | ActiveRecord: 0.0ms | Allocations: 2650)


